<testsuites id="" name="" tests="2" failures="0" skipped="0" errors="0" time="3.317152">
<testsuite name=".features-gen/ui/features/homepage.feature.spec.js" timestamp="2025-10-01T14:57:19.830Z" hostname="ui-tests" tests="2" failures="0" skipped="0" time="4.415" errors="0">
<testcase name="Homepage Navigation › Display main navigation elements" classname=".features-gen/ui/features/homepage.feature.spec.js" time="2.556">
<properties>
<property name="__bddData" value="{&quot;uri&quot;:&quot;features/homepage.feature&quot;,&quot;pickleLocation&quot;:&quot;10:3&quot;,&quot;steps&quot;:[{&quot;pwStepLocation&quot;:&quot;7:11&quot;,&quot;stepMatchArgumentsLists&quot;:[{&quot;stepMatchArguments&quot;:[]}]},{&quot;pwStepLocation&quot;:&quot;11:11&quot;,&quot;stepMatchArgumentsLists&quot;:[{&quot;stepMatchArguments&quot;:[{&quot;group&quot;:{&quot;start&quot;:17,&quot;value&quot;:&quot;\&quot;Get started\&quot;&quot;,&quot;children&quot;:[{&quot;start&quot;:18,&quot;value&quot;:&quot;Get started&quot;,&quot;children&quot;:[{&quot;children&quot;:[]}]},{&quot;children&quot;:[{&quot;children&quot;:[]}]}]},&quot;parameterTypeName&quot;:&quot;string&quot;}]}]},{&quot;pwStepLocation&quot;:&quot;12:11&quot;,&quot;stepMatchArgumentsLists&quot;:[{&quot;stepMatchArguments&quot;:[{&quot;group&quot;:{&quot;start&quot;:17,&quot;value&quot;:&quot;\&quot;Docs\&quot;&quot;,&quot;children&quot;:[{&quot;start&quot;:18,&quot;value&quot;:&quot;Docs&quot;,&quot;children&quot;:[{&quot;children&quot;:[]}]},{&quot;children&quot;:[{&quot;children&quot;:[]}]}]},&quot;parameterTypeName&quot;:&quot;string&quot;}]}]}]}">
</property>
</properties>
</testcase>
<testcase name="Homepage Navigation › Visit homepage successfully" classname=".features-gen/ui/features/homepage.feature.spec.js" time="1.859">
<properties>
<property name="__bddData" value="{&quot;uri&quot;:&quot;features/homepage.feature&quot;,&quot;pickleLocation&quot;:&quot;15:3&quot;,&quot;steps&quot;:[{&quot;pwStepLocation&quot;:&quot;7:11&quot;,&quot;stepMatchArgumentsLists&quot;:[{&quot;stepMatchArguments&quot;:[]}]},{&quot;pwStepLocation&quot;:&quot;16:11&quot;,&quot;stepMatchArgumentsLists&quot;:[{&quot;stepMatchArguments&quot;:[{&quot;group&quot;:{&quot;start&quot;:17,&quot;value&quot;:&quot;\&quot;Get started\&quot;&quot;,&quot;children&quot;:[{&quot;start&quot;:18,&quot;value&quot;:&quot;Get started&quot;,&quot;children&quot;:[{&quot;children&quot;:[]}]},{&quot;children&quot;:[{&quot;children&quot;:[]}]}]},&quot;parameterTypeName&quot;:&quot;string&quot;}]}]}]}">
</property>
</properties>
</testcase>
</testsuite>
</testsuites>